Start testing: May 14 15:51 CEST
----------------------------------------------------------
1/1 Testing: dcas_policy_tests
1/1 Test: dcas_policy_tests
Command: "/home/leo/ads-skynet/DCAS-PolicyEngine/build/dcas_policy_tests"
Directory: /home/leo/ads-skynet/DCAS-PolicyEngine/build
"dcas_policy_tests" start time: May 14 15:51 CEST
Output:
----------------------------------------------------------
[PASS] dcas_policy_tests (23 comprehensive scenarios with sequence-driven mock inputs)
<end of output>
Test time =   0.01 sec
----------------------------------------------------------
Test Passed.
"dcas_policy_tests" end time: May 14 15:51 CEST
"dcas_policy_tests" time elapsed: 00:00:00
----------------------------------------------------------

End testing: May 14 15:51 CEST
